{"/var/www/html/librairies/dynsjs/src/Classes/ColorManager.js": {"path":"/var/www/html/librairies/dynsjs/src/Classes/ColorManager.js","statementMap":{"0":{"start":{"line":26,"column":8},"end":{"line":26,"column":19}},"1":{"start":{"line":27,"column":8},"end":{"line":27,"column":19}},"2":{"start":{"line":28,"column":8},"end":{"line":28,"column":19}},"3":{"start":{"line":29,"column":8},"end":{"line":29,"column":19}},"4":{"start":{"line":33,"column":8},"end":{"line":35,"column":9}},"5":{"start":{"line":34,"column":12},"end":{"line":34,"column":91}},"6":{"start":{"line":37,"column":16},"end":{"line":37,"column":45}},"7":{"start":{"line":38,"column":16},"end":{"line":38,"column":45}},"8":{"start":{"line":39,"column":16},"end":{"line":39,"column":45}},"9":{"start":{"line":40,"column":8},"end":{"line":40,"column":41}},"10":{"start":{"line":52,"column":22},"end":{"line":52,"column":65}},"11":{"start":{"line":53,"column":8},"end":{"line":53,"column":86}},"12":{"start":{"line":66,"column":8},"end":{"line":93,"column":9}},"13":{"start":{"line":68,"column":16},"end":{"line":68,"column":34}},"14":{"start":{"line":69,"column":16},"end":{"line":69,"column":34}},"15":{"start":{"line":70,"column":16},"end":{"line":70,"column":34}},"16":{"start":{"line":71,"column":16},"end":{"line":71,"column":22}},"17":{"start":{"line":73,"column":16},"end":{"line":73,"column":34}},"18":{"start":{"line":74,"column":16},"end":{"line":74,"column":34}},"19":{"start":{"line":75,"column":16},"end":{"line":75,"column":34}},"20":{"start":{"line":76,"column":16},"end":{"line":76,"column":22}},"21":{"start":{"line":78,"column":16},"end":{"line":78,"column":34}},"22":{"start":{"line":79,"column":16},"end":{"line":79,"column":34}},"23":{"start":{"line":80,"column":16},"end":{"line":80,"column":34}},"24":{"start":{"line":81,"column":16},"end":{"line":81,"column":22}},"25":{"start":{"line":83,"column":16},"end":{"line":83,"column":72}},"26":{"start":{"line":83,"column":35},"end":{"line":83,"column":72}},"27":{"start":{"line":84,"column":16},"end":{"line":84,"column":34}},"28":{"start":{"line":85,"column":16},"end":{"line":85,"column":34}},"29":{"start":{"line":86,"column":16},"end":{"line":86,"column":34}},"30":{"start":{"line":87,"column":16},"end":{"line":87,"column":22}},"31":{"start":{"line":89,"column":16},"end":{"line":89,"column":34}},"32":{"start":{"line":90,"column":16},"end":{"line":90,"column":34}},"33":{"start":{"line":91,"column":16},"end":{"line":91,"column":34}},"34":{"start":{"line":92,"column":16},"end":{"line":92,"column":22}},"35":{"start":{"line":94,"column":8},"end":{"line":94,"column":20}},"36":{"start":{"line":105,"column":8},"end":{"line":105,"column":64}},"37":{"start":{"line":106,"column":8},"end":{"line":106,"column":64}},"38":{"start":{"line":107,"column":8},"end":{"line":107,"column":64}},"39":{"start":{"line":108,"column":8},"end":{"line":108,"column":50}},"40":{"start":{"line":109,"column":8},"end":{"line":109,"column":20}},"41":{"start":{"line":120,"column":8},"end":{"line":120,"column":63}},"42":{"start":{"line":131,"column":8},"end":{"line":131,"column":66}}},"fnMap":{"0":{"name":"(anonymous_0)","decl":{"start":{"line":25,"column":4},"end":{"line":25,"column":5}},"loc":{"start":{"line":25,"column":32},"end":{"line":30,"column":5}},"line":25},"1":{"name":"(anonymous_1)","decl":{"start":{"line":32,"column":4},"end":{"line":32,"column":5}},"loc":{"start":{"line":32,"column":24},"end":{"line":41,"column":5}},"line":32},"2":{"name":"(anonymous_2)","decl":{"start":{"line":51,"column":4},"end":{"line":51,"column":5}},"loc":{"start":{"line":51,"column":24},"end":{"line":54,"column":5}},"line":51},"3":{"name":"(anonymous_3)","decl":{"start":{"line":65,"column":4},"end":{"line":65,"column":5}},"loc":{"start":{"line":65,"column":32},"end":{"line":95,"column":5}},"line":65},"4":{"name":"(anonymous_4)","decl":{"start":{"line":104,"column":4},"end":{"line":104,"column":5}},"loc":{"start":{"line":104,"column":12},"end":{"line":110,"column":5}},"line":104},"5":{"name":"(anonymous_5)","decl":{"start":{"line":119,"column":4},"end":{"line":119,"column":5}},"loc":{"start":{"line":119,"column":13},"end":{"line":121,"column":5}},"line":119},"6":{"name":"(anonymous_6)","decl":{"start":{"line":130,"column":4},"end":{"line":130,"column":5}},"loc":{"start":{"line":130,"column":15},"end":{"line":132,"column":5}},"line":130}},"branchMap":{"0":{"loc":{"start":{"line":25,"column":25},"end":{"line":25,"column":30}},"type":"default-arg","locations":[{"start":{"line":25,"column":29},"end":{"line":25,"column":30}}],"line":25},"1":{"loc":{"start":{"line":33,"column":8},"end":{"line":35,"column":9}},"type":"if","locations":[{"start":{"line":33,"column":8},"end":{"line":35,"column":9}},{"start":{},"end":{}}],"line":33},"2":{"loc":{"start":{"line":33,"column":12},"end":{"line":33,"column":86}},"type":"binary-expr","locations":[{"start":{"line":33,"column":12},"end":{"line":33,"column":35}},{"start":{"line":33,"column":39},"end":{"line":33,"column":86}}],"line":33},"3":{"loc":{"start":{"line":66,"column":8},"end":{"line":93,"column":9}},"type":"switch","locations":[{"start":{"line":67,"column":12},"end":{"line":71,"column":22}},{"start":{"line":72,"column":12},"end":{"line":76,"column":22}},{"start":{"line":77,"column":12},"end":{"line":81,"column":22}},{"start":{"line":82,"column":12},"end":{"line":87,"column":22}},{"start":{"line":88,"column":12},"end":{"line":92,"column":22}}],"line":66},"4":{"loc":{"start":{"line":83,"column":16},"end":{"line":83,"column":72}},"type":"if","locations":[{"start":{"line":83,"column":16},"end":{"line":83,"column":72}},{"start":{},"end":{}}],"line":83}},"s":{"0":0,"1":0,"2":0,"3":0,"4":0,"5":0,"6":0,"7":0,"8":0,"9":0,"10":0,"11":0,"12":0,"13":0,"14":0,"15":0,"16":0,"17":0,"18":0,"19":0,"20":0,"21":0,"22":0,"23":0,"24":0,"25":0,"26":0,"27":0,"28":0,"29":0,"30":0,"31":0,"32":0,"33":0,"34":0,"35":0,"36":0,"37":0,"38":0,"39":0,"40":0,"41":0,"42":0},"f":{"0":0,"1":0,"2":0,"3":0,"4":0,"5":0,"6":0},"b":{"0":[0],"1":[0,0],"2":[0,0],"3":[0,0,0,0,0],"4":[0,0]},"_coverageSchema":"1a1c01bbd47fc00a2c39e90264f33305004495a9","hash":"0743edfb51b2be67a2bf11b00df9c923004d94e0"}
,"/var/www/html/librairies/dynsjs/src/Classes/DynSJS.js": {"path":"/var/www/html/librairies/dynsjs/src/Classes/DynSJS.js","statementMap":{"0":{"start":{"line":43,"column":8},"end":{"line":45,"column":9}},"1":{"start":{"line":44,"column":12},"end":{"line":44,"column":74}},"2":{"start":{"line":47,"column":8},"end":{"line":47,"column":81}},"3":{"start":{"line":48,"column":8},"end":{"line":48,"column":30}},"4":{"start":{"line":49,"column":8},"end":{"line":49,"column":28}},"5":{"start":{"line":50,"column":8},"end":{"line":50,"column":32}},"6":{"start":{"line":51,"column":8},"end":{"line":51,"column":33}},"7":{"start":{"line":52,"column":8},"end":{"line":52,"column":33}},"8":{"start":{"line":53,"column":8},"end":{"line":53,"column":33}},"9":{"start":{"line":54,"column":8},"end":{"line":54,"column":33}},"10":{"start":{"line":55,"column":8},"end":{"line":55,"column":25}},"11":{"start":{"line":56,"column":8},"end":{"line":56,"column":29}},"12":{"start":{"line":57,"column":8},"end":{"line":57,"column":34}},"13":{"start":{"line":58,"column":8},"end":{"line":58,"column":45}},"14":{"start":{"line":61,"column":8},"end":{"line":61,"column":53}},"15":{"start":{"line":64,"column":8},"end":{"line":64,"column":68}},"16":{"start":{"line":67,"column":8},"end":{"line":67,"column":75}},"17":{"start":{"line":110,"column":25},"end":{"line":110,"column":53}},"18":{"start":{"line":111,"column":35},"end":{"line":111,"column":37}},"19":{"start":{"line":113,"column":8},"end":{"line":123,"column":9}},"20":{"start":{"line":114,"column":26},"end":{"line":114,"column":41}},"21":{"start":{"line":115,"column":33},"end":{"line":115,"column":98}},"22":{"start":{"line":115,"column":77},"end":{"line":115,"column":97}},"23":{"start":{"line":117,"column":12},"end":{"line":120,"column":15}},"24":{"start":{"line":118,"column":36},"end":{"line":118,"column":110}},"25":{"start":{"line":119,"column":16},"end":{"line":119,"column":56}},"26":{"start":{"line":122,"column":12},"end":{"line":122,"column":44}},"27":{"start":{"line":125,"column":8},"end":{"line":125,"column":34}},"28":{"start":{"line":159,"column":8},"end":{"line":159,"column":49}},"29":{"start":{"line":159,"column":37},"end":{"line":159,"column":49}},"30":{"start":{"line":161,"column":8},"end":{"line":167,"column":9}},"31":{"start":{"line":162,"column":12},"end":{"line":166,"column":13}},"32":{"start":{"line":163,"column":16},"end":{"line":163,"column":81}},"33":{"start":{"line":165,"column":16},"end":{"line":165,"column":97}},"34":{"start":{"line":176,"column":8},"end":{"line":176,"column":20}},"35":{"start":{"line":234,"column":8},"end":{"line":234,"column":73}},"36":{"start":{"line":237,"column":8},"end":{"line":237,"column":55}},"37":{"start":{"line":240,"column":29},"end":{"line":242,"column":17}},"38":{"start":{"line":241,"column":12},"end":{"line":241,"column":112}},"39":{"start":{"line":241,"column":44},"end":{"line":241,"column":110}},"40":{"start":{"line":245,"column":8},"end":{"line":245,"column":39}},"41":{"start":{"line":247,"column":8},"end":{"line":247,"column":20}},"42":{"start":{"line":251,"column":8},"end":{"line":253,"column":9}},"43":{"start":{"line":252,"column":12},"end":{"line":252,"column":56}},"44":{"start":{"line":254,"column":8},"end":{"line":254,"column":20}},"45":{"start":{"line":260,"column":8},"end":{"line":260,"column":49}},"46":{"start":{"line":260,"column":37},"end":{"line":260,"column":49}},"47":{"start":{"line":261,"column":8},"end":{"line":265,"column":9}},"48":{"start":{"line":262,"column":12},"end":{"line":262,"column":56}},"49":{"start":{"line":264,"column":12},"end":{"line":264,"column":61}},"50":{"start":{"line":266,"column":8},"end":{"line":266,"column":20}},"51":{"start":{"line":328,"column":8},"end":{"line":328,"column":49}},"52":{"start":{"line":328,"column":37},"end":{"line":328,"column":49}},"53":{"start":{"line":330,"column":8},"end":{"line":330,"column":70}},"54":{"start":{"line":330,"column":27},"end":{"line":330,"column":70}},"55":{"start":{"line":331,"column":21},"end":{"line":331,"column":51}},"56":{"start":{"line":332,"column":8},"end":{"line":332,"column":47}},"57":{"start":{"line":333,"column":8},"end":{"line":333,"column":20}},"58":{"start":{"line":361,"column":8},"end":{"line":365,"column":9}},"59":{"start":{"line":362,"column":12},"end":{"line":362,"column":42}},"60":{"start":{"line":364,"column":12},"end":{"line":364,"column":40}},"61":{"start":{"line":368,"column":8},"end":{"line":370,"column":9}},"62":{"start":{"line":369,"column":12},"end":{"line":369,"column":43}},"63":{"start":{"line":372,"column":8},"end":{"line":372,"column":20}},"64":{"start":{"line":396,"column":8},"end":{"line":399,"column":9}},"65":{"start":{"line":397,"column":12},"end":{"line":397,"column":43}},"66":{"start":{"line":398,"column":12},"end":{"line":398,"column":24}},"67":{"start":{"line":400,"column":8},"end":{"line":400,"column":40}},"68":{"start":{"line":401,"column":8},"end":{"line":401,"column":20}},"69":{"start":{"line":404,"column":8},"end":{"line":404,"column":120}},"70":{"start":{"line":408,"column":8},"end":{"line":408,"column":137}},"71":{"start":{"line":408,"column":64},"end":{"line":408,"column":95}},"72":{"start":{"line":411,"column":8},"end":{"line":413,"column":23}},"73":{"start":{"line":412,"column":35},"end":{"line":412,"column":209}},"74":{"start":{"line":412,"column":138},"end":{"line":412,"column":151}},"75":{"start":{"line":416,"column":8},"end":{"line":416,"column":43}},"76":{"start":{"line":416,"column":33},"end":{"line":416,"column":43}},"77":{"start":{"line":417,"column":8},"end":{"line":417,"column":34}},"78":{"start":{"line":420,"column":21},"end":{"line":420,"column":82}},"79":{"start":{"line":420,"column":60},"end":{"line":420,"column":80}},"80":{"start":{"line":421,"column":8},"end":{"line":421,"column":29}},"81":{"start":{"line":422,"column":8},"end":{"line":422,"column":34}},"82":{"start":{"line":423,"column":8},"end":{"line":423,"column":20}},"83":{"start":{"line":458,"column":8},"end":{"line":458,"column":49}},"84":{"start":{"line":458,"column":37},"end":{"line":458,"column":49}},"85":{"start":{"line":460,"column":8},"end":{"line":479,"column":9}},"86":{"start":{"line":460,"column":21},"end":{"line":460,"column":22}},"87":{"start":{"line":461,"column":31},"end":{"line":461,"column":38}},"88":{"start":{"line":462,"column":29},"end":{"line":462,"column":40}},"89":{"start":{"line":465,"column":12},"end":{"line":478,"column":13}},"90":{"start":{"line":466,"column":16},"end":{"line":466,"column":65}},"91":{"start":{"line":467,"column":19},"end":{"line":478,"column":13}},"92":{"start":{"line":469,"column":16},"end":{"line":475,"column":17}},"93":{"start":{"line":470,"column":20},"end":{"line":470,"column":91}},"94":{"start":{"line":474,"column":20},"end":{"line":474,"column":60}},"95":{"start":{"line":477,"column":16},"end":{"line":477,"column":67}},"96":{"start":{"line":480,"column":8},"end":{"line":480,"column":20}},"97":{"start":{"line":515,"column":8},"end":{"line":515,"column":49}},"98":{"start":{"line":515,"column":37},"end":{"line":515,"column":49}},"99":{"start":{"line":517,"column":8},"end":{"line":524,"column":9}},"100":{"start":{"line":518,"column":12},"end":{"line":518,"column":53}},"101":{"start":{"line":519,"column":15},"end":{"line":524,"column":9}},"102":{"start":{"line":520,"column":57},"end":{"line":520,"column":67}},"103":{"start":{"line":521,"column":12},"end":{"line":521,"column":86}},"104":{"start":{"line":523,"column":12},"end":{"line":523,"column":101}},"105":{"start":{"line":525,"column":8},"end":{"line":525,"column":20}},"106":{"start":{"line":539,"column":8},"end":{"line":539,"column":49}},"107":{"start":{"line":539,"column":37},"end":{"line":539,"column":49}},"108":{"start":{"line":541,"column":8},"end":{"line":541,"column":109}},"109":{"start":{"line":541,"column":38},"end":{"line":541,"column":109}},"110":{"start":{"line":542,"column":8},"end":{"line":542,"column":62}},"111":{"start":{"line":543,"column":8},"end":{"line":543,"column":20}},"112":{"start":{"line":569,"column":8},"end":{"line":569,"column":49}},"113":{"start":{"line":569,"column":37},"end":{"line":569,"column":49}},"114":{"start":{"line":571,"column":8},"end":{"line":571,"column":52}},"115":{"start":{"line":572,"column":8},"end":{"line":574,"column":9}},"116":{"start":{"line":573,"column":12},"end":{"line":573,"column":106}},"117":{"start":{"line":576,"column":20},"end":{"line":576,"column":74}},"118":{"start":{"line":577,"column":25},"end":{"line":577,"column":44}},"119":{"start":{"line":579,"column":25},"end":{"line":579,"column":60}},"120":{"start":{"line":580,"column":8},"end":{"line":582,"column":11}},"121":{"start":{"line":581,"column":12},"end":{"line":581,"column":45}},"122":{"start":{"line":584,"column":8},"end":{"line":584,"column":20}},"123":{"start":{"line":601,"column":8},"end":{"line":601,"column":49}},"124":{"start":{"line":601,"column":37},"end":{"line":601,"column":49}},"125":{"start":{"line":603,"column":8},"end":{"line":611,"column":9}},"126":{"start":{"line":604,"column":12},"end":{"line":604,"column":45}},"127":{"start":{"line":605,"column":15},"end":{"line":611,"column":9}},"128":{"start":{"line":606,"column":12},"end":{"line":608,"column":27}},"129":{"start":{"line":607,"column":39},"end":{"line":607,"column":57}},"130":{"start":{"line":610,"column":12},"end":{"line":610,"column":101}},"131":{"start":{"line":612,"column":8},"end":{"line":612,"column":20}},"132":{"start":{"line":637,"column":8},"end":{"line":637,"column":49}},"133":{"start":{"line":637,"column":37},"end":{"line":637,"column":49}},"134":{"start":{"line":639,"column":8},"end":{"line":639,"column":112}},"135":{"start":{"line":639,"column":40},"end":{"line":639,"column":112}},"136":{"start":{"line":641,"column":28},"end":{"line":641,"column":81}},"137":{"start":{"line":642,"column":8},"end":{"line":642,"column":36}},"138":{"start":{"line":643,"column":8},"end":{"line":643,"column":41}},"139":{"start":{"line":645,"column":8},"end":{"line":645,"column":20}},"140":{"start":{"line":687,"column":8},"end":{"line":687,"column":49}},"141":{"start":{"line":687,"column":37},"end":{"line":687,"column":49}},"142":{"start":{"line":689,"column":33},"end":{"line":700,"column":9}},"143":{"start":{"line":702,"column":27},"end":{"line":705,"column":14}},"144":{"start":{"line":703,"column":12},"end":{"line":703,"column":83}},"145":{"start":{"line":703,"column":40},"end":{"line":703,"column":83}},"146":{"start":{"line":704,"column":12},"end":{"line":704,"column":23}},"147":{"start":{"line":707,"column":8},"end":{"line":707,"column":29}},"148":{"start":{"line":708,"column":8},"end":{"line":708,"column":20}},"149":{"start":{"line":751,"column":8},"end":{"line":751,"column":49}},"150":{"start":{"line":751,"column":37},"end":{"line":751,"column":49}},"151":{"start":{"line":753,"column":33},"end":{"line":759,"column":9}},"152":{"start":{"line":761,"column":27},"end":{"line":764,"column":14}},"153":{"start":{"line":762,"column":12},"end":{"line":762,"column":83}},"154":{"start":{"line":762,"column":40},"end":{"line":762,"column":83}},"155":{"start":{"line":763,"column":12},"end":{"line":763,"column":23}},"156":{"start":{"line":766,"column":8},"end":{"line":766,"column":29}},"157":{"start":{"line":767,"column":8},"end":{"line":767,"column":20}},"158":{"start":{"line":800,"column":8},"end":{"line":800,"column":49}},"159":{"start":{"line":800,"column":37},"end":{"line":800,"column":49}},"160":{"start":{"line":802,"column":8},"end":{"line":810,"column":9}},"161":{"start":{"line":803,"column":31},"end":{"line":806,"column":18}},"162":{"start":{"line":804,"column":16},"end":{"line":804,"column":39}},"163":{"start":{"line":805,"column":16},"end":{"line":805,"column":27}},"164":{"start":{"line":807,"column":12},"end":{"line":807,"column":33}},"165":{"start":{"line":809,"column":12},"end":{"line":809,"column":83}},"166":{"start":{"line":811,"column":8},"end":{"line":811,"column":20}},"167":{"start":{"line":848,"column":8},"end":{"line":848,"column":49}},"168":{"start":{"line":848,"column":37},"end":{"line":848,"column":49}},"169":{"start":{"line":850,"column":8},"end":{"line":877,"column":9}},"170":{"start":{"line":851,"column":12},"end":{"line":851,"column":51}},"171":{"start":{"line":852,"column":15},"end":{"line":877,"column":9}},"172":{"start":{"line":863,"column":16},"end":{"line":863,"column":25}},"173":{"start":{"line":864,"column":12},"end":{"line":864,"column":155}},"174":{"start":{"line":867,"column":12},"end":{"line":874,"column":13}},"175":{"start":{"line":868,"column":40},"end":{"line":871,"column":28}},"176":{"start":{"line":869,"column":39},"end":{"line":869,"column":101}},"177":{"start":{"line":869,"column":77},"end":{"line":869,"column":90}},"178":{"start":{"line":870,"column":20},"end":{"line":870,"column":54}},"179":{"start":{"line":873,"column":16},"end":{"line":873,"column":81}},"180":{"start":{"line":876,"column":12},"end":{"line":876,"column":101}},"181":{"start":{"line":878,"column":8},"end":{"line":878,"column":20}},"182":{"start":{"line":910,"column":8},"end":{"line":910,"column":49}},"183":{"start":{"line":910,"column":37},"end":{"line":910,"column":49}},"184":{"start":{"line":912,"column":8},"end":{"line":920,"column":9}},"185":{"start":{"line":913,"column":12},"end":{"line":913,"column":51}},"186":{"start":{"line":914,"column":15},"end":{"line":920,"column":9}},"187":{"start":{"line":915,"column":12},"end":{"line":917,"column":27}},"188":{"start":{"line":916,"column":39},"end":{"line":916,"column":57}},"189":{"start":{"line":919,"column":12},"end":{"line":919,"column":101}},"190":{"start":{"line":921,"column":8},"end":{"line":921,"column":20}},"191":{"start":{"line":953,"column":8},"end":{"line":953,"column":49}},"192":{"start":{"line":953,"column":37},"end":{"line":953,"column":49}},"193":{"start":{"line":955,"column":36},"end":{"line":955,"column":43}},"194":{"start":{"line":956,"column":8},"end":{"line":961,"column":11}},"195":{"start":{"line":957,"column":12},"end":{"line":957,"column":55}},"196":{"start":{"line":957,"column":48},"end":{"line":957,"column":55}},"197":{"start":{"line":958,"column":24},"end":{"line":958,"column":28}},"198":{"start":{"line":959,"column":12},"end":{"line":959,"column":58}},"199":{"start":{"line":959,"column":27},"end":{"line":959,"column":58}},"200":{"start":{"line":960,"column":12},"end":{"line":960,"column":35}},"201":{"start":{"line":962,"column":8},"end":{"line":962,"column":20}},"202":{"start":{"line":989,"column":8},"end":{"line":989,"column":49}},"203":{"start":{"line":989,"column":37},"end":{"line":989,"column":49}},"204":{"start":{"line":991,"column":24},"end":{"line":991,"column":26}},"205":{"start":{"line":992,"column":8},"end":{"line":1011,"column":9}},"206":{"start":{"line":993,"column":12},"end":{"line":1010,"column":13}},"207":{"start":{"line":994,"column":29},"end":{"line":994,"column":44}},"208":{"start":{"line":995,"column":16},"end":{"line":997,"column":17}},"209":{"start":{"line":996,"column":20},"end":{"line":996,"column":98}},"210":{"start":{"line":998,"column":16},"end":{"line":1007,"column":17}},"211":{"start":{"line":999,"column":35},"end":{"line":999,"column":56}},"212":{"start":{"line":1000,"column":20},"end":{"line":1004,"column":21}},"213":{"start":{"line":1001,"column":24},"end":{"line":1001,"column":55}},"214":{"start":{"line":1003,"column":24},"end":{"line":1003,"column":49}},"215":{"start":{"line":1006,"column":20},"end":{"line":1006,"column":96}},"216":{"start":{"line":1009,"column":16},"end":{"line":1009,"column":78}},"217":{"start":{"line":1012,"column":8},"end":{"line":1012,"column":23}},"218":{"start":{"line":1019,"column":8},"end":{"line":1019,"column":49}},"219":{"start":{"line":1019,"column":37},"end":{"line":1019,"column":49}},"220":{"start":{"line":1021,"column":8},"end":{"line":1021,"column":49}},"221":{"start":{"line":1021,"column":37},"end":{"line":1021,"column":49}},"222":{"start":{"line":1023,"column":34},"end":{"line":1023,"column":73}},"223":{"start":{"line":1025,"column":8},"end":{"line":1028,"column":9}},"224":{"start":{"line":1026,"column":12},"end":{"line":1026,"column":59}},"225":{"start":{"line":1027,"column":12},"end":{"line":1027,"column":24}},"226":{"start":{"line":1030,"column":27},"end":{"line":1030,"column":53}},"227":{"start":{"line":1031,"column":21},"end":{"line":1031,"column":105}},"228":{"start":{"line":1033,"column":32},"end":{"line":1033,"column":107}},"229":{"start":{"line":1033,"column":60},"end":{"line":1033,"column":90}},"230":{"start":{"line":1035,"column":32},"end":{"line":1040,"column":28}},"231":{"start":{"line":1036,"column":12},"end":{"line":1038,"column":13}},"232":{"start":{"line":1037,"column":16},"end":{"line":1037,"column":69}},"233":{"start":{"line":1039,"column":12},"end":{"line":1039,"column":22}},"234":{"start":{"line":1042,"column":25},"end":{"line":1053,"column":29}},"235":{"start":{"line":1043,"column":30},"end":{"line":1043,"column":42}},"236":{"start":{"line":1044,"column":28},"end":{"line":1044,"column":30}},"237":{"start":{"line":1045,"column":12},"end":{"line":1048,"column":13}},"238":{"start":{"line":1046,"column":16},"end":{"line":1046,"column":94}},"239":{"start":{"line":1047,"column":16},"end":{"line":1047,"column":61}},"240":{"start":{"line":1049,"column":12},"end":{"line":1052,"column":14}},"241":{"start":{"line":1053,"column":23},"end":{"line":1053,"column":28}},"242":{"start":{"line":1055,"column":29},"end":{"line":1055,"column":54}},"243":{"start":{"line":1057,"column":8},"end":{"line":1057,"column":68}},"244":{"start":{"line":1059,"column":8},"end":{"line":1059,"column":80}}},"fnMap":{"0":{"name":"(anonymous_0)","decl":{"start":{"line":42,"column":4},"end":{"line":42,"column":5}},"loc":{"start":{"line":42,"column":30},"end":{"line":59,"column":5}},"line":42},"1":{"name":"(anonymous_1)","decl":{"start":{"line":60,"column":4},"end":{"line":60,"column":5}},"loc":{"start":{"line":60,"column":33},"end":{"line":62,"column":5}},"line":60},"2":{"name":"(anonymous_2)","decl":{"start":{"line":63,"column":4},"end":{"line":63,"column":5}},"loc":{"start":{"line":63,"column":40},"end":{"line":65,"column":5}},"line":63},"3":{"name":"(anonymous_3)","decl":{"start":{"line":66,"column":4},"end":{"line":66,"column":5}},"loc":{"start":{"line":66,"column":32},"end":{"line":68,"column":5}},"line":66},"4":{"name":"(anonymous_4)","decl":{"start":{"line":109,"column":4},"end":{"line":109,"column":5}},"loc":{"start":{"line":109,"column":35},"end":{"line":126,"column":5}},"line":109},"5":{"name":"(anonymous_5)","decl":{"start":{"line":115,"column":58},"end":{"line":115,"column":59}},"loc":{"start":{"line":115,"column":77},"end":{"line":115,"column":97}},"line":115},"6":{"name":"(anonymous_6)","decl":{"start":{"line":117,"column":29},"end":{"line":117,"column":30}},"loc":{"start":{"line":117,"column":39},"end":{"line":120,"column":13}},"line":117},"7":{"name":"(anonymous_7)","decl":{"start":{"line":157,"column":4},"end":{"line":157,"column":5}},"loc":{"start":{"line":157,"column":15},"end":{"line":177,"column":5}},"line":157},"8":{"name":"(anonymous_8)","decl":{"start":{"line":232,"column":4},"end":{"line":232,"column":5}},"loc":{"start":{"line":232,"column":25},"end":{"line":248,"column":5}},"line":232},"9":{"name":"(anonymous_9)","decl":{"start":{"line":240,"column":43},"end":{"line":240,"column":44}},"loc":{"start":{"line":240,"column":55},"end":{"line":242,"column":9}},"line":240},"10":{"name":"(anonymous_10)","decl":{"start":{"line":241,"column":39},"end":{"line":241,"column":40}},"loc":{"start":{"line":241,"column":44},"end":{"line":241,"column":110}},"line":241},"11":{"name":"(anonymous_11)","decl":{"start":{"line":250,"column":4},"end":{"line":250,"column":5}},"loc":{"start":{"line":250,"column":16},"end":{"line":255,"column":5}},"line":250},"12":{"name":"(anonymous_12)","decl":{"start":{"line":258,"column":4},"end":{"line":258,"column":5}},"loc":{"start":{"line":258,"column":16},"end":{"line":267,"column":5}},"line":258},"13":{"name":"(anonymous_13)","decl":{"start":{"line":326,"column":4},"end":{"line":326,"column":5}},"loc":{"start":{"line":326,"column":17},"end":{"line":334,"column":5}},"line":326},"14":{"name":"(anonymous_14)","decl":{"start":{"line":358,"column":4},"end":{"line":358,"column":5}},"loc":{"start":{"line":358,"column":20},"end":{"line":373,"column":5}},"line":358},"15":{"name":"(anonymous_15)","decl":{"start":{"line":395,"column":4},"end":{"line":395,"column":5}},"loc":{"start":{"line":395,"column":16},"end":{"line":402,"column":5}},"line":395},"16":{"name":"(anonymous_16)","decl":{"start":{"line":403,"column":4},"end":{"line":403,"column":5}},"loc":{"start":{"line":403,"column":22},"end":{"line":405,"column":5}},"line":403},"17":{"name":"(anonymous_17)","decl":{"start":{"line":407,"column":4},"end":{"line":407,"column":5}},"loc":{"start":{"line":407,"column":39},"end":{"line":409,"column":5}},"line":407},"18":{"name":"(anonymous_18)","decl":{"start":{"line":408,"column":52},"end":{"line":408,"column":53}},"loc":{"start":{"line":408,"column":64},"end":{"line":408,"column":95}},"line":408},"19":{"name":"(anonymous_19)","decl":{"start":{"line":410,"column":4},"end":{"line":410,"column":5}},"loc":{"start":{"line":410,"column":26},"end":{"line":414,"column":5}},"line":410},"20":{"name":"(anonymous_20)","decl":{"start":{"line":412,"column":17},"end":{"line":412,"column":18}},"loc":{"start":{"line":412,"column":35},"end":{"line":412,"column":209}},"line":412},"21":{"name":"(anonymous_21)","decl":{"start":{"line":412,"column":126},"end":{"line":412,"column":127}},"loc":{"start":{"line":412,"column":138},"end":{"line":412,"column":151}},"line":412},"22":{"name":"(anonymous_22)","decl":{"start":{"line":415,"column":4},"end":{"line":415,"column":5}},"loc":{"start":{"line":415,"column":25},"end":{"line":418,"column":5}},"line":415},"23":{"name":"(anonymous_23)","decl":{"start":{"line":419,"column":4},"end":{"line":419,"column":5}},"loc":{"start":{"line":419,"column":49},"end":{"line":424,"column":5}},"line":419},"24":{"name":"(anonymous_24)","decl":{"start":{"line":420,"column":55},"end":{"line":420,"column":56}},"loc":{"start":{"line":420,"column":60},"end":{"line":420,"column":80}},"line":420},"25":{"name":"(anonymous_25)","decl":{"start":{"line":456,"column":4},"end":{"line":456,"column":5}},"loc":{"start":{"line":456,"column":22},"end":{"line":481,"column":5}},"line":456},"26":{"name":"(anonymous_26)","decl":{"start":{"line":513,"column":4},"end":{"line":513,"column":5}},"loc":{"start":{"line":513,"column":30},"end":{"line":526,"column":5}},"line":513},"27":{"name":"(anonymous_27)","decl":{"start":{"line":537,"column":4},"end":{"line":537,"column":5}},"loc":{"start":{"line":537,"column":18},"end":{"line":544,"column":5}},"line":537},"28":{"name":"(anonymous_28)","decl":{"start":{"line":567,"column":4},"end":{"line":567,"column":5}},"loc":{"start":{"line":567,"column":33},"end":{"line":585,"column":5}},"line":567},"29":{"name":"(anonymous_29)","decl":{"start":{"line":580,"column":25},"end":{"line":580,"column":26}},"loc":{"start":{"line":580,"column":36},"end":{"line":582,"column":9}},"line":580},"30":{"name":"(anonymous_30)","decl":{"start":{"line":599,"column":4},"end":{"line":599,"column":5}},"loc":{"start":{"line":599,"column":22},"end":{"line":613,"column":5}},"line":599},"31":{"name":"(anonymous_31)","decl":{"start":{"line":607,"column":21},"end":{"line":607,"column":22}},"loc":{"start":{"line":607,"column":39},"end":{"line":607,"column":57}},"line":607},"32":{"name":"(anonymous_32)","decl":{"start":{"line":635,"column":4},"end":{"line":635,"column":5}},"loc":{"start":{"line":635,"column":34},"end":{"line":646,"column":5}},"line":635},"33":{"name":"(anonymous_33)","decl":{"start":{"line":685,"column":4},"end":{"line":685,"column":5}},"loc":{"start":{"line":685,"column":28},"end":{"line":709,"column":5}},"line":685},"34":{"name":"(anonymous_34)","decl":{"start":{"line":702,"column":54},"end":{"line":702,"column":55}},"loc":{"start":{"line":702,"column":69},"end":{"line":705,"column":9}},"line":702},"35":{"name":"(anonymous_35)","decl":{"start":{"line":749,"column":4},"end":{"line":749,"column":5}},"loc":{"start":{"line":749,"column":26},"end":{"line":768,"column":5}},"line":749},"36":{"name":"(anonymous_36)","decl":{"start":{"line":761,"column":54},"end":{"line":761,"column":55}},"loc":{"start":{"line":761,"column":69},"end":{"line":764,"column":9}},"line":761},"37":{"name":"(anonymous_37)","decl":{"start":{"line":798,"column":4},"end":{"line":798,"column":5}},"loc":{"start":{"line":798,"column":18},"end":{"line":812,"column":5}},"line":798},"38":{"name":"(anonymous_38)","decl":{"start":{"line":803,"column":56},"end":{"line":803,"column":57}},"loc":{"start":{"line":803,"column":71},"end":{"line":806,"column":13}},"line":803},"39":{"name":"(anonymous_39)","decl":{"start":{"line":846,"column":4},"end":{"line":846,"column":5}},"loc":{"start":{"line":846,"column":28},"end":{"line":879,"column":5}},"line":846},"40":{"name":"(anonymous_40)","decl":{"start":{"line":868,"column":70},"end":{"line":868,"column":71}},"loc":{"start":{"line":868,"column":88},"end":{"line":871,"column":17}},"line":868},"41":{"name":"(anonymous_41)","decl":{"start":{"line":869,"column":65},"end":{"line":869,"column":66}},"loc":{"start":{"line":869,"column":77},"end":{"line":869,"column":90}},"line":869},"42":{"name":"(anonymous_42)","decl":{"start":{"line":908,"column":4},"end":{"line":908,"column":5}},"loc":{"start":{"line":908,"column":28},"end":{"line":922,"column":5}},"line":908},"43":{"name":"(anonymous_43)","decl":{"start":{"line":916,"column":21},"end":{"line":916,"column":22}},"loc":{"start":{"line":916,"column":39},"end":{"line":916,"column":57}},"line":916},"44":{"name":"(anonymous_44)","decl":{"start":{"line":951,"column":4},"end":{"line":951,"column":5}},"loc":{"start":{"line":951,"column":40},"end":{"line":963,"column":5}},"line":951},"45":{"name":"(anonymous_45)","decl":{"start":{"line":956,"column":22},"end":{"line":956,"column":23}},"loc":{"start":{"line":956,"column":39},"end":{"line":961,"column":9}},"line":956},"46":{"name":"(anonymous_46)","decl":{"start":{"line":987,"column":4},"end":{"line":987,"column":5}},"loc":{"start":{"line":987,"column":28},"end":{"line":1013,"column":5}},"line":987},"47":{"name":"(anonymous_47)","decl":{"start":{"line":1017,"column":4},"end":{"line":1017,"column":5}},"loc":{"start":{"line":1017,"column":31},"end":{"line":1060,"column":5}},"line":1017},"48":{"name":"(anonymous_48)","decl":{"start":{"line":1033,"column":51},"end":{"line":1033,"column":52}},"loc":{"start":{"line":1033,"column":60},"end":{"line":1033,"column":90}},"line":1033},"49":{"name":"(anonymous_49)","decl":{"start":{"line":1035,"column":52},"end":{"line":1035,"column":53}},"loc":{"start":{"line":1035,"column":66},"end":{"line":1040,"column":9}},"line":1035},"50":{"name":"(anonymous_50)","decl":{"start":{"line":1042,"column":48},"end":{"line":1042,"column":49}},"loc":{"start":{"line":1042,"column":67},"end":{"line":1053,"column":9}},"line":1042},"51":{"name":"(anonymous_51)","decl":{"start":{"line":1053,"column":18},"end":{"line":1053,"column":19}},"loc":{"start":{"line":1053,"column":23},"end":{"line":1053,"column":28}},"line":1053}},"branchMap":{"0":{"loc":{"start":{"line":43,"column":8},"end":{"line":45,"column":9}},"type":"if","locations":[{"start":{"line":43,"column":8},"end":{"line":45,"column":9}},{"start":{},"end":{}}],"line":43},"1":{"loc":{"start":{"line":47,"column":26},"end":{"line":47,"column":80}},"type":"cond-expr","locations":[{"start":{"line":47,"column":56},"end":{"line":47,"column":68}},{"start":{"line":47,"column":71},"end":{"line":47,"column":80}}],"line":47},"2":{"loc":{"start":{"line":61,"column":15},"end":{"line":61,"column":52}},"type":"binary-expr","locations":[{"start":{"line":61,"column":15},"end":{"line":61,"column":38}},{"start":{"line":61,"column":42},"end":{"line":61,"column":52}}],"line":61},"3":{"loc":{"start":{"line":64,"column":15},"end":{"line":64,"column":67}},"type":"binary-expr","locations":[{"start":{"line":64,"column":15},"end":{"line":64,"column":38}},{"start":{"line":64,"column":42},"end":{"line":64,"column":67}}],"line":64},"4":{"loc":{"start":{"line":159,"column":8},"end":{"line":159,"column":49}},"type":"if","locations":[{"start":{"line":159,"column":8},"end":{"line":159,"column":49}},{"start":{},"end":{}}],"line":159},"5":{"loc":{"start":{"line":162,"column":12},"end":{"line":166,"column":13}},"type":"if","locations":[{"start":{"line":162,"column":12},"end":{"line":166,"column":13}},{"start":{"line":164,"column":19},"end":{"line":166,"column":13}}],"line":162},"6":{"loc":{"start":{"line":162,"column":16},"end":{"line":162,"column":120}},"type":"binary-expr","locations":[{"start":{"line":162,"column":16},"end":{"line":162,"column":56}},{"start":{"line":162,"column":60},"end":{"line":162,"column":90}},{"start":{"line":162,"column":94},"end":{"line":162,"column":120}}],"line":162},"7":{"loc":{"start":{"line":241,"column":44},"end":{"line":241,"column":110}},"type":"cond-expr","locations":[{"start":{"line":241,"column":72},"end":{"line":241,"column":89}},{"start":{"line":241,"column":92},"end":{"line":241,"column":110}}],"line":241},"8":{"loc":{"start":{"line":251,"column":8},"end":{"line":253,"column":9}},"type":"if","locations":[{"start":{"line":251,"column":8},"end":{"line":253,"column":9}},{"start":{},"end":{}}],"line":251},"9":{"loc":{"start":{"line":260,"column":8},"end":{"line":260,"column":49}},"type":"if","locations":[{"start":{"line":260,"column":8},"end":{"line":260,"column":49}},{"start":{},"end":{}}],"line":260},"10":{"loc":{"start":{"line":261,"column":8},"end":{"line":265,"column":9}},"type":"if","locations":[{"start":{"line":261,"column":8},"end":{"line":265,"column":9}},{"start":{"line":263,"column":15},"end":{"line":265,"column":9}}],"line":261},"11":{"loc":{"start":{"line":328,"column":8},"end":{"line":328,"column":49}},"type":"if","locations":[{"start":{"line":328,"column":8},"end":{"line":328,"column":49}},{"start":{},"end":{}}],"line":328},"12":{"loc":{"start":{"line":330,"column":8},"end":{"line":330,"column":70}},"type":"if","locations":[{"start":{"line":330,"column":8},"end":{"line":330,"column":70}},{"start":{},"end":{}}],"line":330},"13":{"loc":{"start":{"line":361,"column":8},"end":{"line":365,"column":9}},"type":"if","locations":[{"start":{"line":361,"column":8},"end":{"line":365,"column":9}},{"start":{"line":363,"column":15},"end":{"line":365,"column":9}}],"line":361},"14":{"loc":{"start":{"line":368,"column":8},"end":{"line":370,"column":9}},"type":"if","locations":[{"start":{"line":368,"column":8},"end":{"line":370,"column":9}},{"start":{},"end":{}}],"line":368},"15":{"loc":{"start":{"line":396,"column":8},"end":{"line":399,"column":9}},"type":"if","locations":[{"start":{"line":396,"column":8},"end":{"line":399,"column":9}},{"start":{},"end":{}}],"line":396},"16":{"loc":{"start":{"line":396,"column":12},"end":{"line":396,"column":54}},"type":"binary-expr","locations":[{"start":{"line":396,"column":12},"end":{"line":396,"column":30}},{"start":{"line":396,"column":34},"end":{"line":396,"column":54}}],"line":396},"17":{"loc":{"start":{"line":404,"column":15},"end":{"line":404,"column":119}},"type":"cond-expr","locations":[{"start":{"line":404,"column":65},"end":{"line":404,"column":70}},{"start":{"line":404,"column":73},"end":{"line":404,"column":119}}],"line":404},"18":{"loc":{"start":{"line":404,"column":15},"end":{"line":404,"column":62}},"type":"binary-expr","locations":[{"start":{"line":404,"column":15},"end":{"line":404,"column":27}},{"start":{"line":404,"column":31},"end":{"line":404,"column":62}}],"line":404},"19":{"loc":{"start":{"line":404,"column":73},"end":{"line":404,"column":119}},"type":"cond-expr","locations":[{"start":{"line":404,"column":93},"end":{"line":404,"column":112}},{"start":{"line":404,"column":115},"end":{"line":404,"column":119}}],"line":404},"20":{"loc":{"start":{"line":408,"column":15},"end":{"line":408,"column":136}},"type":"cond-expr","locations":[{"start":{"line":408,"column":32},"end":{"line":408,"column":107}},{"start":{"line":408,"column":110},"end":{"line":408,"column":136}}],"line":408},"21":{"loc":{"start":{"line":412,"column":35},"end":{"line":412,"column":209}},"type":"cond-expr","locations":[{"start":{"line":412,"column":88},"end":{"line":412,"column":166}},{"start":{"line":412,"column":169},"end":{"line":412,"column":209}}],"line":412},"22":{"loc":{"start":{"line":412,"column":35},"end":{"line":412,"column":85}},"type":"binary-expr","locations":[{"start":{"line":412,"column":35},"end":{"line":412,"column":60}},{"start":{"line":412,"column":64},"end":{"line":412,"column":85}}],"line":412},"23":{"loc":{"start":{"line":416,"column":8},"end":{"line":416,"column":43}},"type":"if","locations":[{"start":{"line":416,"column":8},"end":{"line":416,"column":43}},{"start":{},"end":{}}],"line":416},"24":{"loc":{"start":{"line":458,"column":8},"end":{"line":458,"column":49}},"type":"if","locations":[{"start":{"line":458,"column":8},"end":{"line":458,"column":49}},{"start":{},"end":{}}],"line":458},"25":{"loc":{"start":{"line":465,"column":12},"end":{"line":478,"column":13}},"type":"if","locations":[{"start":{"line":465,"column":12},"end":{"line":478,"column":13}},{"start":{"line":467,"column":19},"end":{"line":478,"column":13}}],"line":465},"26":{"loc":{"start":{"line":467,"column":19},"end":{"line":478,"column":13}},"type":"if","locations":[{"start":{"line":467,"column":19},"end":{"line":478,"column":13}},{"start":{"line":476,"column":19},"end":{"line":478,"column":13}}],"line":467},"27":{"loc":{"start":{"line":469,"column":16},"end":{"line":475,"column":17}},"type":"if","locations":[{"start":{"line":469,"column":16},"end":{"line":475,"column":17}},{"start":{"line":473,"column":21},"end":{"line":475,"column":17}}],"line":469},"28":{"loc":{"start":{"line":515,"column":8},"end":{"line":515,"column":49}},"type":"if","locations":[{"start":{"line":515,"column":8},"end":{"line":515,"column":49}},{"start":{},"end":{}}],"line":515},"29":{"loc":{"start":{"line":517,"column":8},"end":{"line":524,"column":9}},"type":"if","locations":[{"start":{"line":517,"column":8},"end":{"line":524,"column":9}},{"start":{"line":519,"column":15},"end":{"line":524,"column":9}}],"line":517},"30":{"loc":{"start":{"line":519,"column":15},"end":{"line":524,"column":9}},"type":"if","locations":[{"start":{"line":519,"column":15},"end":{"line":524,"column":9}},{"start":{"line":522,"column":15},"end":{"line":524,"column":9}}],"line":519},"31":{"loc":{"start":{"line":539,"column":8},"end":{"line":539,"column":49}},"type":"if","locations":[{"start":{"line":539,"column":8},"end":{"line":539,"column":49}},{"start":{},"end":{}}],"line":539},"32":{"loc":{"start":{"line":541,"column":8},"end":{"line":541,"column":109}},"type":"if","locations":[{"start":{"line":541,"column":8},"end":{"line":541,"column":109}},{"start":{},"end":{}}],"line":541},"33":{"loc":{"start":{"line":569,"column":8},"end":{"line":569,"column":49}},"type":"if","locations":[{"start":{"line":569,"column":8},"end":{"line":569,"column":49}},{"start":{},"end":{}}],"line":569},"34":{"loc":{"start":{"line":572,"column":8},"end":{"line":574,"column":9}},"type":"if","locations":[{"start":{"line":572,"column":8},"end":{"line":574,"column":9}},{"start":{},"end":{}}],"line":572},"35":{"loc":{"start":{"line":572,"column":12},"end":{"line":572,"column":73}},"type":"binary-expr","locations":[{"start":{"line":572,"column":12},"end":{"line":572,"column":40}},{"start":{"line":572,"column":44},"end":{"line":572,"column":73}}],"line":572},"36":{"loc":{"start":{"line":601,"column":8},"end":{"line":601,"column":49}},"type":"if","locations":[{"start":{"line":601,"column":8},"end":{"line":601,"column":49}},{"start":{},"end":{}}],"line":601},"37":{"loc":{"start":{"line":603,"column":8},"end":{"line":611,"column":9}},"type":"if","locations":[{"start":{"line":603,"column":8},"end":{"line":611,"column":9}},{"start":{"line":605,"column":15},"end":{"line":611,"column":9}}],"line":603},"38":{"loc":{"start":{"line":605,"column":15},"end":{"line":611,"column":9}},"type":"if","locations":[{"start":{"line":605,"column":15},"end":{"line":611,"column":9}},{"start":{"line":609,"column":15},"end":{"line":611,"column":9}}],"line":605},"39":{"loc":{"start":{"line":637,"column":8},"end":{"line":637,"column":49}},"type":"if","locations":[{"start":{"line":637,"column":8},"end":{"line":637,"column":49}},{"start":{},"end":{}}],"line":637},"40":{"loc":{"start":{"line":639,"column":8},"end":{"line":639,"column":112}},"type":"if","locations":[{"start":{"line":639,"column":8},"end":{"line":639,"column":112}},{"start":{},"end":{}}],"line":639},"41":{"loc":{"start":{"line":685,"column":15},"end":{"line":685,"column":26}},"type":"default-arg","locations":[{"start":{"line":685,"column":24},"end":{"line":685,"column":26}}],"line":685},"42":{"loc":{"start":{"line":687,"column":8},"end":{"line":687,"column":49}},"type":"if","locations":[{"start":{"line":687,"column":8},"end":{"line":687,"column":49}},{"start":{},"end":{}}],"line":687},"43":{"loc":{"start":{"line":703,"column":12},"end":{"line":703,"column":83}},"type":"if","locations":[{"start":{"line":703,"column":12},"end":{"line":703,"column":83}},{"start":{},"end":{}}],"line":703},"44":{"loc":{"start":{"line":749,"column":13},"end":{"line":749,"column":24}},"type":"default-arg","locations":[{"start":{"line":749,"column":22},"end":{"line":749,"column":24}}],"line":749},"45":{"loc":{"start":{"line":751,"column":8},"end":{"line":751,"column":49}},"type":"if","locations":[{"start":{"line":751,"column":8},"end":{"line":751,"column":49}},{"start":{},"end":{}}],"line":751},"46":{"loc":{"start":{"line":762,"column":12},"end":{"line":762,"column":83}},"type":"if","locations":[{"start":{"line":762,"column":12},"end":{"line":762,"column":83}},{"start":{},"end":{}}],"line":762},"47":{"loc":{"start":{"line":800,"column":8},"end":{"line":800,"column":49}},"type":"if","locations":[{"start":{"line":800,"column":8},"end":{"line":800,"column":49}},{"start":{},"end":{}}],"line":800},"48":{"loc":{"start":{"line":802,"column":8},"end":{"line":810,"column":9}},"type":"if","locations":[{"start":{"line":802,"column":8},"end":{"line":810,"column":9}},{"start":{"line":808,"column":15},"end":{"line":810,"column":9}}],"line":802},"49":{"loc":{"start":{"line":848,"column":8},"end":{"line":848,"column":49}},"type":"if","locations":[{"start":{"line":848,"column":8},"end":{"line":848,"column":49}},{"start":{},"end":{}}],"line":848},"50":{"loc":{"start":{"line":850,"column":8},"end":{"line":877,"column":9}},"type":"if","locations":[{"start":{"line":850,"column":8},"end":{"line":877,"column":9}},{"start":{"line":852,"column":15},"end":{"line":877,"column":9}}],"line":850},"51":{"loc":{"start":{"line":852,"column":15},"end":{"line":877,"column":9}},"type":"if","locations":[{"start":{"line":852,"column":15},"end":{"line":877,"column":9}},{"start":{"line":875,"column":15},"end":{"line":877,"column":9}}],"line":852},"52":{"loc":{"start":{"line":867,"column":12},"end":{"line":874,"column":13}},"type":"if","locations":[{"start":{"line":867,"column":12},"end":{"line":874,"column":13}},{"start":{},"end":{}}],"line":867},"53":{"loc":{"start":{"line":910,"column":8},"end":{"line":910,"column":49}},"type":"if","locations":[{"start":{"line":910,"column":8},"end":{"line":910,"column":49}},{"start":{},"end":{}}],"line":910},"54":{"loc":{"start":{"line":912,"column":8},"end":{"line":920,"column":9}},"type":"if","locations":[{"start":{"line":912,"column":8},"end":{"line":920,"column":9}},{"start":{"line":914,"column":15},"end":{"line":920,"column":9}}],"line":912},"55":{"loc":{"start":{"line":914,"column":15},"end":{"line":920,"column":9}},"type":"if","locations":[{"start":{"line":914,"column":15},"end":{"line":920,"column":9}},{"start":{"line":918,"column":15},"end":{"line":920,"column":9}}],"line":914},"56":{"loc":{"start":{"line":951,"column":26},"end":{"line":951,"column":38}},"type":"default-arg","locations":[{"start":{"line":951,"column":36},"end":{"line":951,"column":38}}],"line":951},"57":{"loc":{"start":{"line":953,"column":8},"end":{"line":953,"column":49}},"type":"if","locations":[{"start":{"line":953,"column":8},"end":{"line":953,"column":49}},{"start":{},"end":{}}],"line":953},"58":{"loc":{"start":{"line":957,"column":12},"end":{"line":957,"column":55}},"type":"if","locations":[{"start":{"line":957,"column":12},"end":{"line":957,"column":55}},{"start":{},"end":{}}],"line":957},"59":{"loc":{"start":{"line":957,"column":16},"end":{"line":957,"column":46}},"type":"binary-expr","locations":[{"start":{"line":957,"column":16},"end":{"line":957,"column":22}},{"start":{"line":957,"column":26},"end":{"line":957,"column":46}}],"line":957},"60":{"loc":{"start":{"line":959,"column":12},"end":{"line":959,"column":58}},"type":"if","locations":[{"start":{"line":959,"column":12},"end":{"line":959,"column":58}},{"start":{},"end":{}}],"line":959},"61":{"loc":{"start":{"line":989,"column":8},"end":{"line":989,"column":49}},"type":"if","locations":[{"start":{"line":989,"column":8},"end":{"line":989,"column":49}},{"start":{},"end":{}}],"line":989},"62":{"loc":{"start":{"line":993,"column":12},"end":{"line":1010,"column":13}},"type":"if","locations":[{"start":{"line":993,"column":12},"end":{"line":1010,"column":13}},{"start":{"line":1008,"column":19},"end":{"line":1010,"column":13}}],"line":993},"63":{"loc":{"start":{"line":995,"column":16},"end":{"line":997,"column":17}},"type":"if","locations":[{"start":{"line":995,"column":16},"end":{"line":997,"column":17}},{"start":{},"end":{}}],"line":995},"64":{"loc":{"start":{"line":1000,"column":20},"end":{"line":1004,"column":21}},"type":"if","locations":[{"start":{"line":1000,"column":20},"end":{"line":1004,"column":21}},{"start":{"line":1002,"column":27},"end":{"line":1004,"column":21}}],"line":1000},"65":{"loc":{"start":{"line":1017,"column":10},"end":{"line":1017,"column":29}},"type":"default-arg","locations":[{"start":{"line":1017,"column":27},"end":{"line":1017,"column":29}}],"line":1017},"66":{"loc":{"start":{"line":1019,"column":8},"end":{"line":1019,"column":49}},"type":"if","locations":[{"start":{"line":1019,"column":8},"end":{"line":1019,"column":49}},{"start":{},"end":{}}],"line":1019},"67":{"loc":{"start":{"line":1021,"column":8},"end":{"line":1021,"column":49}},"type":"if","locations":[{"start":{"line":1021,"column":8},"end":{"line":1021,"column":49}},{"start":{},"end":{}}],"line":1021},"68":{"loc":{"start":{"line":1025,"column":8},"end":{"line":1028,"column":9}},"type":"if","locations":[{"start":{"line":1025,"column":8},"end":{"line":1028,"column":9}},{"start":{},"end":{}}],"line":1025},"69":{"loc":{"start":{"line":1025,"column":12},"end":{"line":1025,"column":65}},"type":"binary-expr","locations":[{"start":{"line":1025,"column":12},"end":{"line":1025,"column":30}},{"start":{"line":1025,"column":34},"end":{"line":1025,"column":65}}],"line":1025},"70":{"loc":{"start":{"line":1031,"column":21},"end":{"line":1031,"column":105}},"type":"cond-expr","locations":[{"start":{"line":1031,"column":57},"end":{"line":1031,"column":98}},{"start":{"line":1031,"column":101},"end":{"line":1031,"column":105}}],"line":1031},"71":{"loc":{"start":{"line":1031,"column":22},"end":{"line":1031,"column":53}},"type":"binary-expr","locations":[{"start":{"line":1031,"column":22},"end":{"line":1031,"column":32}},{"start":{"line":1031,"column":36},"end":{"line":1031,"column":53}}],"line":1031},"72":{"loc":{"start":{"line":1036,"column":12},"end":{"line":1038,"column":13}},"type":"if","locations":[{"start":{"line":1036,"column":12},"end":{"line":1038,"column":13}},{"start":{},"end":{}}],"line":1036},"73":{"loc":{"start":{"line":1036,"column":16},"end":{"line":1036,"column":43}},"type":"binary-expr","locations":[{"start":{"line":1036,"column":16},"end":{"line":1036,"column":22}},{"start":{"line":1036,"column":26},"end":{"line":1036,"column":43}}],"line":1036},"74":{"loc":{"start":{"line":1045,"column":12},"end":{"line":1048,"column":13}},"type":"if","locations":[{"start":{"line":1045,"column":12},"end":{"line":1048,"column":13}},{"start":{},"end":{}}],"line":1045},"75":{"loc":{"start":{"line":1045,"column":16},"end":{"line":1045,"column":76}},"type":"binary-expr","locations":[{"start":{"line":1045,"column":16},"end":{"line":1045,"column":25}},{"start":{"line":1045,"column":29},"end":{"line":1045,"column":45}},{"start":{"line":1045,"column":49},"end":{"line":1045,"column":76}}],"line":1045}},"s":{"0":0,"1":0,"2":0,"3":0,"4":0,"5":0,"6":0,"7":0,"8":0,"9":0,"10":0,"11":0,"12":0,"13":0,"14":0,"15":0,"16":0,"17":0,"18":0,"19":0,"20":0,"21":0,"22":0,"23":0,"24":0,"25":0,"26":0,"27":0,"28":0,"29":0,"30":0,"31":0,"32":0,"33":0,"34":0,"35":0,"36":0,"37":0,"38":0,"39":0,"40":0,"41":0,"42":0,"43":0,"44":0,"45":0,"46":0,"47":0,"48":0,"49":0,"50":0,"51":0,"52":0,"53":0,"54":0,"55":0,"56":0,"57":0,"58":0,"59":0,"60":0,"61":0,"62":0,"63":0,"64":0,"65":0,"66":0,"67":0,"68":0,"69":0,"70":0,"71":0,"72":0,"73":0,"74":0,"75":0,"76":0,"77":0,"78":0,"79":0,"80":0,"81":0,"82":0,"83":0,"84":0,"85":0,"86":0,"87":0,"88":0,"89":0,"90":0,"91":0,"92":0,"93":0,"94":0,"95":0,"96":0,"97":0,"98":0,"99":0,"100":0,"101":0,"102":0,"103":0,"104":0,"105":0,"106":0,"107":0,"108":0,"109":0,"110":0,"111":0,"112":0,"113":0,"114":0,"115":0,"116":0,"117":0,"118":0,"119":0,"120":0,"121":0,"122":0,"123":0,"124":0,"125":0,"126":0,"127":0,"128":0,"129":0,"130":0,"131":0,"132":0,"133":0,"134":0,"135":0,"136":0,"137":0,"138":0,"139":0,"140":0,"141":0,"142":0,"143":0,"144":0,"145":0,"146":0,"147":0,"148":0,"149":0,"150":0,"151":0,"152":0,"153":0,"154":0,"155":0,"156":0,"157":0,"158":0,"159":0,"160":0,"161":0,"162":0,"163":0,"164":0,"165":0,"166":0,"167":0,"168":0,"169":0,"170":0,"171":0,"172":0,"173":0,"174":0,"175":0,"176":0,"177":0,"178":0,"179":0,"180":0,"181":0,"182":0,"183":0,"184":0,"185":0,"186":0,"187":0,"188":0,"189":0,"190":0,"191":0,"192":0,"193":0,"194":0,"195":0,"196":0,"197":0,"198":0,"199":0,"200":0,"201":0,"202":0,"203":0,"204":0,"205":0,"206":0,"207":0,"208":0,"209":0,"210":0,"211":0,"212":0,"213":0,"214":0,"215":0,"216":0,"217":0,"218":0,"219":0,"220":0,"221":0,"222":0,"223":0,"224":0,"225":0,"226":0,"227":0,"228":0,"229":0,"230":0,"231":0,"232":0,"233":0,"234":0,"235":0,"236":0,"237":0,"238":0,"239":0,"240":0,"241":0,"242":0,"243":0,"244":0},"f":{"0":0,"1":0,"2":0,"3":0,"4":0,"5":0,"6":0,"7":0,"8":0,"9":0,"10":0,"11":0,"12":0,"13":0,"14":0,"15":0,"16":0,"17":0,"18":0,"19":0,"20":0,"21":0,"22":0,"23":0,"24":0,"25":0,"26":0,"27":0,"28":0,"29":0,"30":0,"31":0,"32":0,"33":0,"34":0,"35":0,"36":0,"37":0,"38":0,"39":0,"40":0,"41":0,"42":0,"43":0,"44":0,"45":0,"46":0,"47":0,"48":0,"49":0,"50":0,"51":0},"b":{"0":[0,0],"1":[0,0],"2":[0,0],"3":[0,0],"4":[0,0],"5":[0,0],"6":[0,0,0],"7":[0,0],"8":[0,0],"9":[0,0],"10":[0,0],"11":[0,0],"12":[0,0],"13":[0,0],"14":[0,0],"15":[0,0],"16":[0,0],"17":[0,0],"18":[0,0],"19":[0,0],"20":[0,0],"21":[0,0],"22":[0,0],"23":[0,0],"24":[0,0],"25":[0,0],"26":[0,0],"27":[0,0],"28":[0,0],"29":[0,0],"30":[0,0],"31":[0,0],"32":[0,0],"33":[0,0],"34":[0,0],"35":[0,0],"36":[0,0],"37":[0,0],"38":[0,0],"39":[0,0],"40":[0,0],"41":[0],"42":[0,0],"43":[0,0],"44":[0],"45":[0,0],"46":[0,0],"47":[0,0],"48":[0,0],"49":[0,0],"50":[0,0],"51":[0,0],"52":[0,0],"53":[0,0],"54":[0,0],"55":[0,0],"56":[0],"57":[0,0],"58":[0,0],"59":[0,0],"60":[0,0],"61":[0,0],"62":[0,0],"63":[0,0],"64":[0,0],"65":[0],"66":[0,0],"67":[0,0],"68":[0,0],"69":[0,0],"70":[0,0],"71":[0,0],"72":[0,0],"73":[0,0],"74":[0,0],"75":[0,0,0]},"_coverageSchema":"1a1c01bbd47fc00a2c39e90264f33305004495a9","hash":"417944cda71ec9c780e7d816d6374f5b151148bc"}
}
