TN:
SF:src/Classes/ColorManager.js
FN:25,(anonymous_0)
FN:32,(anonymous_1)
FN:51,(anonymous_2)
FN:65,(anonymous_3)
FN:104,(anonymous_4)
FN:119,(anonymous_5)
FN:130,(anonymous_6)
FNF:7
FNH:0
FNDA:0,(anonymous_0)
FNDA:0,(anonymous_1)
FNDA:0,(anonymous_2)
FNDA:0,(anonymous_3)
FNDA:0,(anonymous_4)
FNDA:0,(anonymous_5)
FNDA:0,(anonymous_6)
DA:26,0
DA:27,0
DA:28,0
DA:29,0
DA:33,0
DA:34,0
DA:37,0
DA:38,0
DA:39,0
DA:40,0
DA:52,0
DA:53,0
DA:66,0
DA:68,0
DA:69,0
DA:70,0
DA:71,0
DA:73,0
DA:74,0
DA:75,0
DA:76,0
DA:78,0
DA:79,0
DA:80,0
DA:81,0
DA:83,0
DA:84,0
DA:85,0
DA:86,0
DA:87,0
DA:89,0
DA:90,0
DA:91,0
DA:92,0
DA:94,0
DA:105,0
DA:106,0
DA:107,0
DA:108,0
DA:109,0
DA:120,0
DA:131,0
LF:42
LH:0
BRDA:25,0,0,0
BRDA:33,1,0,0
BRDA:33,1,1,0
BRDA:33,2,0,0
BRDA:33,2,1,0
BRDA:66,3,0,0
BRDA:66,3,1,0
BRDA:66,3,2,0
BRDA:66,3,3,0
BRDA:66,3,4,0
BRDA:83,4,0,0
BRDA:83,4,1,0
BRF:12
BRH:0
end_of_record
TN:
SF:src/Classes/DynSJS.js
FN:42,(anonymous_0)
FN:60,(anonymous_1)
FN:63,(anonymous_2)
FN:66,(anonymous_3)
FN:109,(anonymous_4)
FN:115,(anonymous_5)
FN:117,(anonymous_6)
FN:157,(anonymous_7)
FN:232,(anonymous_8)
FN:240,(anonymous_9)
FN:241,(anonymous_10)
FN:250,(anonymous_11)
FN:258,(anonymous_12)
FN:326,(anonymous_13)
FN:358,(anonymous_14)
FN:395,(anonymous_15)
FN:403,(anonymous_16)
FN:407,(anonymous_17)
FN:408,(anonymous_18)
FN:410,(anonymous_19)
FN:412,(anonymous_20)
FN:412,(anonymous_21)
FN:415,(anonymous_22)
FN:419,(anonymous_23)
FN:420,(anonymous_24)
FN:456,(anonymous_25)
FN:513,(anonymous_26)
FN:537,(anonymous_27)
FN:567,(anonymous_28)
FN:580,(anonymous_29)
FN:599,(anonymous_30)
FN:607,(anonymous_31)
FN:635,(anonymous_32)
FN:685,(anonymous_33)
FN:702,(anonymous_34)
FN:749,(anonymous_35)
FN:761,(anonymous_36)
FN:798,(anonymous_37)
FN:803,(anonymous_38)
FN:846,(anonymous_39)
FN:868,(anonymous_40)
FN:869,(anonymous_41)
FN:908,(anonymous_42)
FN:916,(anonymous_43)
FN:951,(anonymous_44)
FN:956,(anonymous_45)
FN:987,(anonymous_46)
FN:1017,(anonymous_47)
FN:1033,(anonymous_48)
FN:1035,(anonymous_49)
FN:1042,(anonymous_50)
FN:1053,(anonymous_51)
FNF:52
FNH:0
FNDA:0,(anonymous_0)
FNDA:0,(anonymous_1)
FNDA:0,(anonymous_2)
FNDA:0,(anonymous_3)
FNDA:0,(anonymous_4)
FNDA:0,(anonymous_5)
FNDA:0,(anonymous_6)
FNDA:0,(anonymous_7)
FNDA:0,(anonymous_8)
FNDA:0,(anonymous_9)
FNDA:0,(anonymous_10)
FNDA:0,(anonymous_11)
FNDA:0,(anonymous_12)
FNDA:0,(anonymous_13)
FNDA:0,(anonymous_14)
FNDA:0,(anonymous_15)
FNDA:0,(anonymous_16)
FNDA:0,(anonymous_17)
FNDA:0,(anonymous_18)
FNDA:0,(anonymous_19)
FNDA:0,(anonymous_20)
FNDA:0,(anonymous_21)
FNDA:0,(anonymous_22)
FNDA:0,(anonymous_23)
FNDA:0,(anonymous_24)
FNDA:0,(anonymous_25)
FNDA:0,(anonymous_26)
FNDA:0,(anonymous_27)
FNDA:0,(anonymous_28)
FNDA:0,(anonymous_29)
FNDA:0,(anonymous_30)
FNDA:0,(anonymous_31)
FNDA:0,(anonymous_32)
FNDA:0,(anonymous_33)
FNDA:0,(anonymous_34)
FNDA:0,(anonymous_35)
FNDA:0,(anonymous_36)
FNDA:0,(anonymous_37)
FNDA:0,(anonymous_38)
FNDA:0,(anonymous_39)
FNDA:0,(anonymous_40)
FNDA:0,(anonymous_41)
FNDA:0,(anonymous_42)
FNDA:0,(anonymous_43)
FNDA:0,(anonymous_44)
FNDA:0,(anonymous_45)
FNDA:0,(anonymous_46)
FNDA:0,(anonymous_47)
FNDA:0,(anonymous_48)
FNDA:0,(anonymous_49)
FNDA:0,(anonymous_50)
FNDA:0,(anonymous_51)
DA:43,0
DA:44,0
DA:47,0
DA:48,0
DA:49,0
DA:50,0
DA:51,0
DA:52,0
DA:53,0
DA:54,0
DA:55,0
DA:56,0
DA:57,0
DA:58,0
DA:61,0
DA:64,0
DA:67,0
DA:110,0
DA:111,0
DA:113,0
DA:114,0
DA:115,0
DA:117,0
DA:118,0
DA:119,0
DA:122,0
DA:125,0
DA:159,0
DA:161,0
DA:162,0
DA:163,0
DA:165,0
DA:176,0
DA:234,0
DA:237,0
DA:240,0
DA:241,0
DA:245,0
DA:247,0
DA:251,0
DA:252,0
DA:254,0
DA:260,0
DA:261,0
DA:262,0
DA:264,0
DA:266,0
DA:328,0
DA:330,0
DA:331,0
DA:332,0
DA:333,0
DA:361,0
DA:362,0
DA:364,0
DA:368,0
DA:369,0
DA:372,0
DA:396,0
DA:397,0
DA:398,0
DA:400,0
DA:401,0
DA:404,0
DA:408,0
DA:411,0
DA:412,0
DA:416,0
DA:417,0
DA:420,0
DA:421,0
DA:422,0
DA:423,0
DA:458,0
DA:460,0
DA:461,0
DA:462,0
DA:465,0
DA:466,0
DA:467,0
DA:469,0
DA:470,0
DA:474,0
DA:477,0
DA:480,0
DA:515,0
DA:517,0
DA:518,0
DA:519,0
DA:520,0
DA:521,0
DA:523,0
DA:525,0
DA:539,0
DA:541,0
DA:542,0
DA:543,0
DA:569,0
DA:571,0
DA:572,0
DA:573,0
DA:576,0
DA:577,0
DA:579,0
DA:580,0
DA:581,0
DA:584,0
DA:601,0
DA:603,0
DA:604,0
DA:605,0
DA:606,0
DA:607,0
DA:610,0
DA:612,0
DA:637,0
DA:639,0
DA:641,0
DA:642,0
DA:643,0
DA:645,0
DA:687,0
DA:689,0
DA:702,0
DA:703,0
DA:704,0
DA:707,0
DA:708,0
DA:751,0
DA:753,0
DA:761,0
DA:762,0
DA:763,0
DA:766,0
DA:767,0
DA:800,0
DA:802,0
DA:803,0
DA:804,0
DA:805,0
DA:807,0
DA:809,0
DA:811,0
DA:848,0
DA:850,0
DA:851,0
DA:852,0
DA:863,0
DA:864,0
DA:867,0
DA:868,0
DA:869,0
DA:870,0
DA:873,0
DA:876,0
DA:878,0
DA:910,0
DA:912,0
DA:913,0
DA:914,0
DA:915,0
DA:916,0
DA:919,0
DA:921,0
DA:953,0
DA:955,0
DA:956,0
DA:957,0
DA:958,0
DA:959,0
DA:960,0
DA:962,0
DA:989,0
DA:991,0
DA:992,0
DA:993,0
DA:994,0
DA:995,0
DA:996,0
DA:998,0
DA:999,0
DA:1000,0
DA:1001,0
DA:1003,0
DA:1006,0
DA:1009,0
DA:1012,0
DA:1019,0
DA:1021,0
DA:1023,0
DA:1025,0
DA:1026,0
DA:1027,0
DA:1030,0
DA:1031,0
DA:1033,0
DA:1035,0
DA:1036,0
DA:1037,0
DA:1039,0
DA:1042,0
DA:1043,0
DA:1044,0
DA:1045,0
DA:1046,0
DA:1047,0
DA:1049,0
DA:1053,0
DA:1055,0
DA:1057,0
DA:1059,0
LF:211
LH:0
BRDA:43,0,0,0
BRDA:43,0,1,0
BRDA:47,1,0,0
BRDA:47,1,1,0
BRDA:61,2,0,0
BRDA:61,2,1,0
BRDA:64,3,0,0
BRDA:64,3,1,0
BRDA:159,4,0,0
BRDA:159,4,1,0
BRDA:162,5,0,0
BRDA:162,5,1,0
BRDA:162,6,0,0
BRDA:162,6,1,0
BRDA:162,6,2,0
BRDA:241,7,0,0
BRDA:241,7,1,0
BRDA:251,8,0,0
BRDA:251,8,1,0
BRDA:260,9,0,0
BRDA:260,9,1,0
BRDA:261,10,0,0
BRDA:261,10,1,0
BRDA:328,11,0,0
BRDA:328,11,1,0
BRDA:330,12,0,0
BRDA:330,12,1,0
BRDA:361,13,0,0
BRDA:361,13,1,0
BRDA:368,14,0,0
BRDA:368,14,1,0
BRDA:396,15,0,0
BRDA:396,15,1,0
BRDA:396,16,0,0
BRDA:396,16,1,0
BRDA:404,17,0,0
BRDA:404,17,1,0
BRDA:404,18,0,0
BRDA:404,18,1,0
BRDA:404,19,0,0
BRDA:404,19,1,0
BRDA:408,20,0,0
BRDA:408,20,1,0
BRDA:412,21,0,0
BRDA:412,21,1,0
BRDA:412,22,0,0
BRDA:412,22,1,0
BRDA:416,23,0,0
BRDA:416,23,1,0
BRDA:458,24,0,0
BRDA:458,24,1,0
BRDA:465,25,0,0
BRDA:465,25,1,0
BRDA:467,26,0,0
BRDA:467,26,1,0
BRDA:469,27,0,0
BRDA:469,27,1,0
BRDA:515,28,0,0
BRDA:515,28,1,0
BRDA:517,29,0,0
BRDA:517,29,1,0
BRDA:519,30,0,0
BRDA:519,30,1,0
BRDA:539,31,0,0
BRDA:539,31,1,0
BRDA:541,32,0,0
BRDA:541,32,1,0
BRDA:569,33,0,0
BRDA:569,33,1,0
BRDA:572,34,0,0
BRDA:572,34,1,0
BRDA:572,35,0,0
BRDA:572,35,1,0
BRDA:601,36,0,0
BRDA:601,36,1,0
BRDA:603,37,0,0
BRDA:603,37,1,0
BRDA:605,38,0,0
BRDA:605,38,1,0
BRDA:637,39,0,0
BRDA:637,39,1,0
BRDA:639,40,0,0
BRDA:639,40,1,0
BRDA:685,41,0,0
BRDA:687,42,0,0
BRDA:687,42,1,0
BRDA:703,43,0,0
BRDA:703,43,1,0
BRDA:749,44,0,0
BRDA:751,45,0,0
BRDA:751,45,1,0
BRDA:762,46,0,0
BRDA:762,46,1,0
BRDA:800,47,0,0
BRDA:800,47,1,0
BRDA:802,48,0,0
BRDA:802,48,1,0
BRDA:848,49,0,0
BRDA:848,49,1,0
BRDA:850,50,0,0
BRDA:850,50,1,0
BRDA:852,51,0,0
BRDA:852,51,1,0
BRDA:867,52,0,0
BRDA:867,52,1,0
BRDA:910,53,0,0
BRDA:910,53,1,0
BRDA:912,54,0,0
BRDA:912,54,1,0
BRDA:914,55,0,0
BRDA:914,55,1,0
BRDA:951,56,0,0
BRDA:953,57,0,0
BRDA:953,57,1,0
BRDA:957,58,0,0
BRDA:957,58,1,0
BRDA:957,59,0,0
BRDA:957,59,1,0
BRDA:959,60,0,0
BRDA:959,60,1,0
BRDA:989,61,0,0
BRDA:989,61,1,0
BRDA:993,62,0,0
BRDA:993,62,1,0
BRDA:995,63,0,0
BRDA:995,63,1,0
BRDA:1000,64,0,0
BRDA:1000,64,1,0
BRDA:1017,65,0,0
BRDA:1019,66,0,0
BRDA:1019,66,1,0
BRDA:1021,67,0,0
BRDA:1021,67,1,0
BRDA:1025,68,0,0
BRDA:1025,68,1,0
BRDA:1025,69,0,0
BRDA:1025,69,1,0
BRDA:1031,70,0,0
BRDA:1031,70,1,0
BRDA:1031,71,0,0
BRDA:1031,71,1,0
BRDA:1036,72,0,0
BRDA:1036,72,1,0
BRDA:1036,73,0,0
BRDA:1036,73,1,0
BRDA:1045,74,0,0
BRDA:1045,74,1,0
BRDA:1045,75,0,0
BRDA:1045,75,1,0
BRDA:1045,75,2,0
BRF:150
BRH:0
end_of_record
